<component name="libraryTable">
  <library name="junit-jupiter-api-5.10.0">
    <CLASSES>
      <root url="jar://$PROJECT_DIR$/unit-tests-1(Код семинара)/libs/junit-jupiter-api-5.10.0.jar!/" />
    </CLASSES>
    <JAVADOC />
    <SOURCES />
  </library>
</component>