<component name="libraryTable">
  <library name="junit-jupiter-api-5.10.0 (2)">
    <CLASSES>
      <root url="jar://$PROJECT_DIR$/unit-tests-1/libs/junit-jupiter-api-5.10.0.jar!/" />
    </CLASSES>
    <JAVADOC />
    <SOURCES />
  </library>
</component>